Performing C SOURCE FILE Test CMAKE_HAVE_LIBC_PTHREAD failed with the following output:
Change Dir: /home/john/ubica_ws/src/refills_marker_generator/cmake-build-debug/CMakeFiles/CMakeTmp

Run Build Command(s):/usr/bin/make cmTC_fb5b0/fast && /usr/bin/make  -f CMakeFiles/cmTC_fb5b0.dir/build.make CMakeFiles/cmTC_fb5b0.dir/build
make[1]: Verzeichnis „/home/john/ubica_ws/src/refills_marker_generator/cmake-build-debug/CMakeFiles/CMakeTmp“ wird betreten
Building C object CMakeFiles/cmTC_fb5b0.dir/src.c.o
/usr/bin/cc   -DCMAKE_HAVE_LIBC_PTHREAD   -o CMakeFiles/cmTC_fb5b0.dir/src.c.o   -c /home/john/ubica_ws/src/refills_marker_generator/cmake-build-debug/CMakeFiles/CMakeTmp/src.c
Linking C executable cmTC_fb5b0
/home/john/Downloads/CLion-2020.2.5/clion-2020.2.5/bin/cmake/linux/bin/cmake -E cmake_link_script CMakeFiles/cmTC_fb5b0.dir/link.txt --verbose=1
/usr/bin/cc  -DCMAKE_HAVE_LIBC_PTHREAD    -rdynamic CMakeFiles/cmTC_fb5b0.dir/src.c.o  -o cmTC_fb5b0 
CMakeFiles/cmTC_fb5b0.dir/src.c.o: In Funktion »main«:
src.c:(.text+0x3e): Warnung: undefinierter Verweis auf »pthread_create«
src.c:(.text+0x4a): Warnung: undefinierter Verweis auf »pthread_detach«
src.c:(.text+0x56): Warnung: undefinierter Verweis auf »pthread_cancel«
src.c:(.text+0x67): Warnung: undefinierter Verweis auf »pthread_join«
src.c:(.text+0x7b): Warnung: undefinierter Verweis auf »pthread_atfork«
collect2: error: ld returned 1 exit status
CMakeFiles/cmTC_fb5b0.dir/build.make:106: recipe for target 'cmTC_fb5b0' failed
make[1]: *** [cmTC_fb5b0] Error 1
make[1]: Verzeichnis „/home/john/ubica_ws/src/refills_marker_generator/cmake-build-debug/CMakeFiles/CMakeTmp“ wird verlassen
Makefile:141: recipe for target 'cmTC_fb5b0/fast' failed
make: *** [cmTC_fb5b0/fast] Error 2


Source file was:
#include <pthread.h>

void* test_func(void* data)
{
  return data;
}

int main(void)
{
  pthread_t thread;
  pthread_create(&thread, NULL, test_func, NULL);
  pthread_detach(thread);
  pthread_cancel(thread);
  pthread_join(thread, NULL);
  pthread_atfork(NULL, NULL, NULL);
  pthread_exit(NULL);

  return 0;
}

Determining if the function pthread_create exists in the pthreads failed with the following output:
Change Dir: /home/john/ubica_ws/src/refills_marker_generator/cmake-build-debug/CMakeFiles/CMakeTmp

Run Build Command(s):/usr/bin/make cmTC_59c33/fast && /usr/bin/make  -f CMakeFiles/cmTC_59c33.dir/build.make CMakeFiles/cmTC_59c33.dir/build
make[1]: Verzeichnis „/home/john/ubica_ws/src/refills_marker_generator/cmake-build-debug/CMakeFiles/CMakeTmp“ wird betreten
Building C object CMakeFiles/cmTC_59c33.dir/CheckFunctionExists.c.o
/usr/bin/cc   -DCHECK_FUNCTION_EXISTS=pthread_create   -o CMakeFiles/cmTC_59c33.dir/CheckFunctionExists.c.o   -c /home/john/Downloads/CLion-2020.2.5/clion-2020.2.5/bin/cmake/linux/share/cmake-3.17/Modules/CheckFunctionExists.c
Linking C executable cmTC_59c33
/home/john/Downloads/CLion-2020.2.5/clion-2020.2.5/bin/cmake/linux/bin/cmake -E cmake_link_script CMakeFiles/cmTC_59c33.dir/link.txt --verbose=1
/usr/bin/cc  -DCHECK_FUNCTION_EXISTS=pthread_create    -rdynamic CMakeFiles/cmTC_59c33.dir/CheckFunctionExists.c.o  -o cmTC_59c33  -lpthreads 
/usr/bin/ld: -lpthreads kann nicht gefunden werden
collect2: error: ld returned 1 exit status
CMakeFiles/cmTC_59c33.dir/build.make:106: recipe for target 'cmTC_59c33' failed
make[1]: *** [cmTC_59c33] Error 1
make[1]: Verzeichnis „/home/john/ubica_ws/src/refills_marker_generator/cmake-build-debug/CMakeFiles/CMakeTmp“ wird verlassen
Makefile:141: recipe for target 'cmTC_59c33/fast' failed
make: *** [cmTC_59c33/fast] Error 2



